<?xml version="1.0" encoding="UTF-8"?>
<!-- Generated by org.testng.reporters.JUnitReportReporter -->
<testsuite hostname="DESKTOP-VR1ACRS" failures="0" tests="3" name="tests.API.RegistrationAndLoginAPITest" time="4.412" errors="0" timestamp="2022-06-17T21:56:35 MSK" skipped="0">
  <testcase classname="tests.API.RegistrationAndLoginAPITest" name="registerNewUser" time="0.614"/>
  <system-out/>
  <testcase classname="tests.API.RegistrationAndLoginAPITest" name="login" time="0.398"/>
  <system-out/>
  <testcase classname="tests.API.RegistrationAndLoginAPITest" name="getCredentials" time="3.400"/>
  <system-out/>
</testsuite> <!-- tests.API.RegistrationAndLoginAPITest -->
